<?xml version="1.0" encoding="UTF-8"?>
<!-- Generated by org.testng.reporters.JUnitReportReporter -->
<testsuite hostname="L-1T7D622" name="SampleTest" tests="1" failures="0" timestamp="10 Dec 2015 11:02:22 GMT" time="21.413" errors="0">
  <testcase name="openUrl" time="21.413" classname="SampleTest"/>
</testsuite> <!-- SampleTest -->
